# JRE version: OpenJDK Runtime Environment (8.0_242-b01) (build 1.8.0_242-release-1644-b01)
# Java VM: OpenJDK 64-Bit Server VM (25.242-b01 mixed mode windows-amd64 compressed oops)
Heap:
 PSYoungGen      total 402432K, used 242326K [0x00000000e0000000, 0x0000000100000000, 0x0000000100000000)
  eden space 324608K, 58% used [0x00000000e0000000,0x00000000ebac9d30,0x00000000f3d00000)
  from space 77824K, 65% used [0x00000000f3d00000,0x00000000f6edbea0,0x00000000f8900000)
  to   space 80896K, 0% used [0x00000000fb100000,0x00000000fb100000,0x0000000100000000)
 ParOldGen       total 213504K, used 111305K [0x00000000a0000000, 0x00000000ad080000, 0x00000000e0000000)
  object space 213504K, 52% used [0x00000000a0000000,0x00000000a6cb2670,0x00000000ad080000)
 Metaspace       used 138732K, capacity 145118K, committed 145192K, reserved 1175552K
  class space    used 17920K, capacity 19191K, committed 19240K, reserved 1048576K
GC Heap History (10 events):
Event: 19966.090 GC heap before
{Heap before GC invocations=24 (full 4):
 PSYoungGen      total 281600K, used 281583K [0x00000000e0000000, 0x00000000f6480000, 0x0000000100000000)
  eden space 243200K, 100% used [0x00000000e0000000,0x00000000eed80000,0x00000000eed80000)
  from space 38400K, 99% used [0x00000000eed80000,0x00000000f12fbde8,0x00000000f1300000)
  to   space 49152K, 0% used [0x00000000f3480000,0x00000000f3480000,0x00000000f6480000)
 ParOldGen       total 111616K, used 60064K [0x00000000a0000000, 0x00000000a6d00000, 0x00000000e0000000)
  object space 111616K, 53% used [0x00000000a0000000,0x00000000a3aa8320,0x00000000a6d00000)
 Metaspace       used 125241K, capacity 129992K, committed 130344K, reserved 1163264K
  class space    used 16134K, capacity 17140K, committed 17192K, reserved 1048576K
Event: 19966.260 GC heap after
Heap after GC invocations=24 (full 4):
 PSYoungGen      total 313856K, used 33750K [0x00000000e0000000, 0x00000000f7700000, 0x0000000100000000)
  eden space 264704K, 0% used [0x00000000e0000000,0x00000000e0000000,0x00000000f0280000)
  from space 49152K, 68% used [0x00000000f3480000,0x00000000f5575ab8,0x00000000f6480000)
  to   space 51200K, 0% used [0x00000000f0280000,0x00000000f0280000,0x00000000f3480000)
 ParOldGen       total 111616K, used 60169K [0x00000000a0000000, 0x00000000a6d00000, 0x00000000e0000000)
  object space 111616K, 53% used [0x00000000a0000000,0x00000000a3ac27e0,0x00000000a6d00000)
 Metaspace       used 125241K, capacity 129992K, committed 130344K, reserved 1163264K
  class space    used 16134K, capacity 17140K, committed 17192K, reserved 1048576K
}
Event: 19969.319 GC heap before
{Heap before GC invocations=25 (full 4):
 PSYoungGen      total 313856K, used 298454K [0x00000000e0000000, 0x00000000f7700000, 0x0000000100000000)
  eden space 264704K, 100% used [0x00000000e0000000,0x00000000f0280000,0x00000000f0280000)
  from space 49152K, 68% used [0x00000000f3480000,0x00000000f5575ab8,0x00000000f6480000)
  to   space 51200K, 0% used [0x00000000f0280000,0x00000000f0280000,0x00000000f3480000)
 ParOldGen       total 111616K, used 60182K [0x00000000a0000000, 0x00000000a6d00000, 0x00000000e0000000)
  object space 111616K, 53% used [0x00000000a0000000,0x00000000a3ac5988,0x00000000a6d00000)
 Metaspace       used 128263K, capacity 133218K, committed 133416K, reserved 1165312K
  class space    used 16543K, capacity 17583K, committed 17704K, reserved 1048576K
Event: 19969.664 GC heap after
Heap after GC invocations=25 (full 4):
 PSYoungGen      total 315904K, used 51185K [0x00000000e0000000, 0x00000000fcd80000, 0x0000000100000000)
  eden space 264704K, 0% used [0x00000000e0000000,0x00000000e0000000,0x00000000f0280000)
  from space 51200K, 99% used [0x00000000f0280000,0x00000000f347c518,0x00000000f3480000)
  to   space 70144K, 0% used [0x00000000f8900000,0x00000000f8900000,0x00000000fcd80000)
 ParOldGen       total 111616K, used 89057K [0x00000000a0000000, 0x00000000a6d00000, 0x00000000e0000000)
  object space 111616K, 79% used [0x00000000a0000000,0x00000000a56f87a0,0x00000000a6d00000)
 Metaspace       used 128263K, capacity 133218K, committed 133416K, reserved 1165312K
  class space    used 16543K, capacity 17583K, committed 17704K, reserved 1048576K
}
Event: 19969.664 GC heap before
{Heap before GC invocations=26 (full 5):
 PSYoungGen      total 315904K, used 51185K [0x00000000e0000000, 0x00000000fcd80000, 0x0000000100000000)
  eden space 264704K, 0% used [0x00000000e0000000,0x00000000e0000000,0x00000000f0280000)
  from space 51200K, 99% used [0x00000000f0280000,0x00000000f347c518,0x00000000f3480000)
  to   space 70144K, 0% used [0x00000000f8900000,0x00000000f8900000,0x00000000fcd80000)
 ParOldGen       total 111616K, used 89057K [0x00000000a0000000, 0x00000000a6d00000, 0x00000000e0000000)
  object space 111616K, 79% used [0x00000000a0000000,0x00000000a56f87a0,0x00000000a6d00000)
 Metaspace       used 128263K, capacity 133218K, committed 133416K, reserved 1165312K
  class space    used 16543K, capacity 17583K, committed 17704K, reserved 1048576K
Event: 19970.948 GC heap after
Heap after GC invocations=26 (full 5):
 PSYoungGen      total 315904K, used 13151K [0x00000000e0000000, 0x00000000fcd80000, 0x0000000100000000)
  eden space 264704K, 0% used [0x00000000e0000000,0x00000000e0000000,0x00000000f0280000)
  from space 51200K, 25% used [0x00000000f0280000,0x00000000f0f57c88,0x00000000f3480000)
  to   space 70144K, 0% used [0x00000000f8900000,0x00000000f8900000,0x00000000fcd80000)
 ParOldGen       total 213504K, used 111281K [0x00000000a0000000, 0x00000000ad080000, 0x00000000e0000000)
  object space 213504K, 52% used [0x00000000a0000000,0x00000000a6cac670,0x00000000ad080000)
 Metaspace       used 128249K, capacity 133180K, committed 133416K, reserved 1165312K
  class space    used 16538K, capacity 17574K, committed 17704K, reserved 1048576K
}
Event: 19976.113 GC heap before
{Heap before GC invocations=27 (full 5):
 PSYoungGen      total 315904K, used 277855K [0x00000000e0000000, 0x00000000fcd80000, 0x0000000100000000)
  eden space 264704K, 100% used [0x00000000e0000000,0x00000000f0280000,0x00000000f0280000)
  from space 51200K, 25% used [0x00000000f0280000,0x00000000f0f57c88,0x00000000f3480000)
  to   space 70144K, 0% used [0x00000000f8900000,0x00000000f8900000,0x00000000fcd80000)
 ParOldGen       total 213504K, used 111281K [0x00000000a0000000, 0x00000000ad080000, 0x00000000e0000000)
  object space 213504K, 52% used [0x00000000a0000000,0x00000000a6cac670,0x00000000ad080000)
 Metaspace       used 133463K, capacity 138872K, committed 139048K, reserved 1169408K
  class space    used 17297K, capacity 18388K, committed 18472K, reserved 1048576K
Event: 19976.269 GC heap after
Heap after GC invocations=27 (full 5):
 PSYoungGen      total 394752K, used 57826K [0x00000000e0000000, 0x00000000fd500000, 0x0000000100000000)
  eden space 324608K, 0% used [0x00000000e0000000,0x00000000e0000000,0x00000000f3d00000)
  from space 70144K, 82% used [0x00000000f8900000,0x00000000fc178898,0x00000000fcd80000)
  to   space 77824K, 0% used [0x00000000f3d00000,0x00000000f3d00000,0x00000000f8900000)
 ParOldGen       total 213504K, used 111289K [0x00000000a0000000, 0x00000000ad080000, 0x00000000e0000000)
  object space 213504K, 52% used [0x00000000a0000000,0x00000000a6cae670,0x00000000ad080000)
 Metaspace       used 133463K, capacity 138872K, committed 139048K, reserved 1169408K
  class space    used 17297K, capacity 18388K, committed 18472K, reserved 1048576K
}
Event: 19983.663 GC heap before
{Heap before GC invocations=28 (full 5):
 PSYoungGen      total 394752K, used 382434K [0x00000000e0000000, 0x00000000fd500000, 0x0000000100000000)
  eden space 324608K, 100% used [0x00000000e0000000,0x00000000f3d00000,0x00000000f3d00000)
  from space 70144K, 82% used [0x00000000f8900000,0x00000000fc178898,0x00000000fcd80000)
  to   space 77824K, 0% used [0x00000000f3d00000,0x00000000f3d00000,0x00000000f8900000)
 ParOldGen       total 213504K, used 111289K [0x00000000a0000000, 0x00000000ad080000, 0x00000000e0000000)
  object space 213504K, 52% used [0x00000000a0000000,0x00000000a6cae670,0x00000000ad080000)
 Metaspace       used 137344K, capacity 143348K, committed 143656K, reserved 1173504K
  class space    used 17734K, capacity 18922K, committed 18984K, reserved 1048576K
Event: 19983.746 GC heap after
Heap after GC invocations=28 (full 5):
 PSYoungGen      total 402432K, used 51055K [0x00000000e0000000, 0x0000000100000000, 0x0000000100000000)
  eden space 324608K, 0% used [0x00000000e0000000,0x00000000e0000000,0x00000000f3d00000)
  from space 77824K, 65% used [0x00000000f3d00000,0x00000000f6edbea0,0x00000000f8900000)
  to   space 80896K, 0% used [0x00000000fb100000,0x00000000fb100000,0x0000000100000000)
 ParOldGen       total 213504K, used 111305K [0x00000000a0000000, 0x00000000ad080000, 0x00000000e0000000)
  object space 213504K, 52% used [0x00000000a0000000,0x00000000a6cb2670,0x00000000ad080000)
 Metaspace       used 137344K, capacity 143348K, committed 143656K, reserved 1173504K
  class space    used 17734K, capacity 18922K, committed 18984K, reserved 1048576K
}

